proguard-project.txt
# To enable ProGuard in your project, edit project.properties
# to define the proguard.config property as described in that file.
#
# Add project specific ProGuard rules here.
# By default, the flags in this file are appended to flags specified
# in ${sdk.dir}/tools/proguard/proguard-android.txt
# You can edit the include path and order by changing the ProGuard
# include property in project.properties.
#
# For more details, see
#   http://developer.android.com/guide/developing/tools/proguard.html

# Add any project specific keep options here:

# If your project uses WebView with JS, uncomment the following
# and specify the fully qualified class name to the JavaScript interface
# class:
#-keepclassmembers class fqcn.of.javascript.interface.for.webview {
#   public *;


-keep class * extends java.util.ListResourceBundle {
    protected Object[][] getContents();
}

-keep public class com.google.android.gms.common.internal.safeparcel.SafeParcelable {
    public static final *** NULL;
}

-keepnames @com.google.android.gms.common.annotation.KeepName class *
-keepclassmembernames class * {
    @com.google.android.gms.common.annotation.KeepName *;
}

-keepnames class * implements android.os.Parcelable {
    public static final ** CREATOR;
}

#}

-keepclassmembers class fqcn.of.javascript.interface.for.webview {
   public *;
   }

-keep class * extends java.util.ListResourceBundle {
    protected Object[][] getContents();
}

-keep public class com.google.android.gms.common.internal.safeparcel.SafeParcelable {
    public static final *** NULL;
}

-keepnames @com.google.android.gms.common.annotation.KeepName class *
-keepclassmembernames class * {
    @com.google.android.gms.common.annotation.KeepName *;
}

-keepnames class * implements android.os.Parcelable {
    public static final ** CREATOR;
}


-libraryjars libs/jackson-annotations-2.4.0.jar
-libraryjars libs/jackson-core-2.4.3.jar

-dontskipnonpubliclibraryclassmembers

-keepattributes *Annotation*,EnclosingMethod

-keepnames class org.codehaus.jackson.** { *; }

-dontwarn javax.xml.**
-dontwarn javax.xml.stream.events.**
-dontwarn com.fasterxml.jackson.databind.**



-keepattributes Annotation,EnclosingMethod,Signature
-keepnames class com.fasterxml.jackson.** { *; }
-dontwarn com.fasterxml.jackson.databind.*
-keep class org.codehaus.** { *; }
-keepclassmembers public final enum org.codehaus.jackson.annotate.JsonAutoDetect$Visibility {
public static final org.codehaus.jackson.annotate.JsonAutoDetect$Visibility *; }