proguard/seeds.txt
com.torahsummary.betamidrash.AboutActivity
com.torahsummary.betamidrash.AboutActivity: AboutActivity()
com.torahsummary.betamidrash.AutoResizeTextView: void setOnResizeListener(com.torahsummary.betamidrash.AutoResizeTextView$OnTextResizeListener)
com.torahsummary.betamidrash.AutoResizeTextView: void setTextSize(float)
com.torahsummary.betamidrash.AutoResizeTextView: void setMaxTextSize(float)
com.torahsummary.betamidrash.AutoResizeTextView: float getMaxTextSize()
com.torahsummary.betamidrash.AutoResizeTextView: void setMinTextSize(float)
com.torahsummary.betamidrash.AutoResizeTextView: float getMinTextSize()
com.torahsummary.betamidrash.AutoResizeTextView: void setAddEllipsis(boolean)
com.torahsummary.betamidrash.AutoResizeTextView: boolean getAddEllipsis()
com.torahsummary.betamidrash.AutofitTextView
com.torahsummary.betamidrash.AutofitTextView: AutofitTextView(android.content.Context)
com.torahsummary.betamidrash.AutofitTextView: AutofitTextView(android.content.Context,android.util.AttributeSet)
com.torahsummary.betamidrash.AutofitTextView: AutofitTextView(android.content.Context,android.util.AttributeSet,int)
com.torahsummary.betamidrash.AutofitTextView: void setLines(int)
com.torahsummary.betamidrash.AutofitTextView: void setMaxLines(int)
com.torahsummary.betamidrash.AutofitTextView: com.torahsummary.betamidrash.AutofitHelper getAutofitHelper()
com.torahsummary.betamidrash.AutofitTextView: void setSizeToFit(boolean)
com.torahsummary.betamidrash.AutofitTextView: float getMaxTextSize()
com.torahsummary.betamidrash.AutofitTextView: void setMaxTextSize(float)
com.torahsummary.betamidrash.AutofitTextView: float getMinTextSize()
com.torahsummary.betamidrash.AutofitTextView: void setMinTextSize(int)
com.torahsummary.betamidrash.AutofitTextView: float getPrecision()
com.torahsummary.betamidrash.AutofitTextView: void setPrecision(float)
com.torahsummary.betamidrash.Book
com.torahsummary.betamidrash.Book: android.os.Parcelable$Creator CREATOR
com.torahsummary.betamidrash.BookmarksActivity
com.torahsummary.betamidrash.BookmarksActivity: BookmarksActivity()
com.torahsummary.betamidrash.BookmarksActivity: void addBookmark(android.view.View)
com.torahsummary.betamidrash.BookmarksActivity: void removeBookmark(android.view.View)
com.torahsummary.betamidrash.FilterLinksActivity
com.torahsummary.betamidrash.FilterLinksActivity: FilterLinksActivity()
com.torahsummary.betamidrash.FilterLinksActivity: void selectAll(android.view.View)
com.torahsummary.betamidrash.FilterLinksActivity: void deselectAll(android.view.View)
com.torahsummary.betamidrash.FilterLinksActivity: void doneClick(android.view.View)
com.torahsummary.betamidrash.Header
com.torahsummary.betamidrash.Header: android.os.Parcelable$Creator CREATOR
com.torahsummary.betamidrash.HelpFragmentActivity
com.torahsummary.betamidrash.HelpFragmentActivity: HelpFragmentActivity()
com.torahsummary.betamidrash.HelpFragmentActivity: void prevClick(android.view.View)
com.torahsummary.betamidrash.HelpFragmentActivity: void nextClick(android.view.View)
com.torahsummary.betamidrash.Link
com.torahsummary.betamidrash.Link: android.os.Parcelable$Creator CREATOR
com.torahsummary.betamidrash.MenuLevelActivity
com.torahsummary.betamidrash.MenuLevelActivity: MenuLevelActivity()
com.torahsummary.betamidrash.MenuLevelActivity: void searchClick(android.view.View)
com.torahsummary.betamidrash.MyApp
com.torahsummary.betamidrash.MyApp: MyApp()
com.torahsummary.betamidrash.R$anim: int slide_in_left
com.torahsummary.betamidrash.R$anim: int slide_in_right
com.torahsummary.betamidrash.R$anim: int slide_out_left
com.torahsummary.betamidrash.R$anim: int slide_out_right
...
com.fasterxml.jackson.databind.deser.impl.BeanPropertyMap$IteratorImpl
com.fasterxml.jackson.databind.deser.impl.BeanPropertyMap$IteratorImpl: com.fasterxml.jackson.databind.deser.impl.BeanPropertyMap$Bucket[] _buckets
com.fasterxml.jackson.databind.deser.impl.BeanPropertyMap$IteratorImpl: com.fasterxml.jackson.databind.deser.impl.BeanPropertyMap$Bucket _currentBucket
com.fasterxml.jackson.databind.deser.impl.BeanPropertyMap$IteratorImpl: int _nextBucketIndex
com.fasterxml.jackson.databind.deser.impl.BeanPropertyMap$IteratorImpl: BeanPropertyMap$IteratorImpl(com.fasterxml.jackson.databind.deser.impl.BeanPropertyMap$Bucket[])
com.fasterxml.jackson.databind.deser.impl.BeanPropertyMap$IteratorImpl: boolean hasNext()
com.fasterxml.jackson.databind.deser.impl.BeanPropertyMap$IteratorImpl: com.fasterxml.jackson.databind.deser.SettableBeanProperty next()
com.fasterxml.jackson.databind.deser.impl.BeanPropertyMap$IteratorImpl: void remove()
com.fasterxml.jackson.databind.deser.impl.BeanPropertyMap$IteratorImpl: java.lang.Object next()
com.fasterxml.jackson.databind.deser.impl.CreatorCollector
com.fasterxml.jackson.databind.deser.impl.CreatorCollector: com.fasterxml.jackson.databind.BeanDescription _beanDesc
com.fasterxml.jackson.databind.deser.impl.CreatorCollector: boolean _canFixAccess
com.fasterxml.jackson.databind.deser.impl.CreatorCollector: com.fasterxml.jackson.databind.introspect.AnnotatedWithParams _defaultConstructor
com.fasterxml.jackson.databind.deser.impl.CreatorCollector: com.fasterxml.jackson.databind.introspect.AnnotatedWithParams _stringCreator
com.fasterxml.jackson.databind.deser.impl.CreatorCollector: com.fasterxml.jackson.databind.introspect.AnnotatedWithParams _intCreator
com.fasterxml.jackson.databind.deser.impl.CreatorCollector: com.fasterxml.jackson.databind.introspect.AnnotatedWithParams _longCreator
com.fasterxml.jackson.databind.deser.impl.CreatorCollector: com.fasterxml.jackson.databind.introspect.AnnotatedWithParams _doubleCreator
com.fasterxml.jackson.databind.deser.impl.CreatorCollector: com.fasterxml.jackson.databind.introspect.AnnotatedWithParams _booleanCreator
com.fasterxml.jackson.databind.deser.impl.CreatorCollector: com.fasterxml.jackson.databind.introspect.AnnotatedWithParams _delegateCreator
com.fasterxml.jackson.databind.deser.impl.CreatorCollector: com.fasterxml.jackson.databind.deser.CreatorProperty[] _delegateArgs
com.fasterxml.jackson.databind.deser.impl.CreatorCollector$Vanilla
com.fasterxml.jackson.databind.deser.impl.CreatorCollector$Vanilla: long serialVersionUID
com.fasterxml.jackson.databind.deser.impl.CreatorCollector$Vanilla: int TYPE_COLLECTION
com.fasterxml.jackson.databind.deser.impl.CreatorCollector$Vanilla: int TYPE_MAP
com.fasterxml.jackson.databind.deser.impl.CreatorCollector$Vanilla: int TYPE_HASH_MAP
com.fasterxml.jackson.databind.deser.impl.CreatorCollector$Vanilla: int _type
com.fasterxml.jackson.databind.deser.impl.CreatorCollector$Vanilla: CreatorCollector$Vanilla(int)
com.fasterxml.jackson.databind.deser.impl.CreatorCollector$Vanilla: java.lang.String getValueTypeDesc()
com.fasterxml.jackson.databind.deser.impl.CreatorCollector$Vanilla: boolean canInstantiate()
com.fasterxml.jackson.databind.deser.impl.CreatorCollector$Vanilla: boolean canCreateUsingDefault()
com.fasterxml.jackson.databind.deser.impl.CreatorCollector$Vanilla: java.lang.Object createUsingDefault(com.fasterxml.jackson.databind.DeserializationContext)