proguard/mapping.txt
com.torahsummary.betamidrash.AboutActivity -> com.torahsummary.betamidrash.AboutActivity:
    int numTaps -> a
    android.view.View$OnClickListener easterEggClick -> b
    void onCreate(android.os.Bundle) -> onCreate
    boolean onOptionsItemSelected(android.view.MenuItem) -> onOptionsItemSelected
    void onSaveInstanceState(android.os.Bundle) -> onSaveInstanceState
    void onRestoreInstanceState(android.os.Bundle) -> onRestoreInstanceState
    void onBackPressed() -> onBackPressed
    void goBack() -> a
    int access$0(com.torahsummary.betamidrash.AboutActivity) -> a
    void access$1(com.torahsummary.betamidrash.AboutActivity,int) -> a
com.torahsummary.betamidrash.AboutActivity$1 -> com.torahsummary.betamidrash.AboutActivity$1:
    com.torahsummary.betamidrash.AboutActivity this$0 -> a
    void onClick(android.view.View) -> onClick
com.torahsummary.betamidrash.AppMenu -> com.torahsummary.betamidrash.a:
    java.lang.String title -> a
    java.util.ArrayList lastTitles -> b
    android.content.Context context -> y
    com.fasterxml.jackson.databind.JsonNode menuRoot -> c
    boolean inited -> d
    boolean bidTreeInited -> e
    int currLevel -> f
    com.fasterxml.jackson.databind.JsonNode currNodeArray -> z
    java.util.ArrayList currPath -> A
    java.util.ArrayList currIntPath -> g
    java.util.ArrayList prevLevels -> h
    boolean inJsonMenu -> i
    boolean isBookmarkable -> j
    int textMenuLvl -> k
    com.torahsummary.betamidrash.Book currBook -> l
    java.util.ArrayList currChaps -> m
    java.util.ArrayList currChapInts -> n
    java.util.ArrayList engItems -> o
    java.lang.String[] currChapStrings -> p
    java.util.HashMap bidMap -> q
    android.graphics.Typeface customFont -> r
    int customFontId -> s
    int displayLang -> t
    int topMenuIndex -> u
    java.util.ArrayList enBookNames -> v
    java.util.ArrayList heBookNames -> w
    int restoredByActivity -> x
    java.lang.String[] init(android.content.Context) -> a
    java.lang.String[] back() -> a
    java.lang.String[] forward(java.lang.String,int) -> a
    java.lang.String[] jumpToBook(java.lang.String) -> a
    java.lang.String[] home() -> b
    java.lang.String[] getNamesOfChildren(boolean) -> a
com.torahsummary.betamidrash.AutofitHelper -> com.torahsummary.betamidrash.b:
    android.widget.TextView mTextView -> a
    android.text.TextPaint mPaint -> b
    float mTextSize -> c
    int mMaxLines -> d
    float mMinTextSize -> e
    float mMaxTextSize -> f
    float mPrecision -> g
    boolean mEnabled -> h
    boolean mIsAutofitting -> i
    java.util.ArrayList mListeners -> j
    android.text.TextWatcher mTextWatcher -> k
    android.view.View$OnLayoutChangeListener mOnLayoutChangeListener -> l
    com.torahsummary.betamidrash.AutofitHelper create(android.widget.TextView,android.util.AttributeSet,int) -> a
    void autofit(android.widget.TextView,android.text.TextPaint,float,float,int,float) -> a
    float getAutofitTextSize(java.lang.CharSequence,android.text.TextPaint,float,int,float,float,float,android.util.DisplayMetrics) -> a
    int getLineCount(java.lang.CharSequence,android.text.TextPaint,float,float,android.util.DisplayMetrics) -> a
    int getMaxLines(android.widget.TextView) -> a
    com.torahsummary.betamidrash.AutofitHelper addOnTextSizeChangeListener(com.torahsummary.betamidrash.AutofitHelper$OnTextSizeChangeListener) -> a
    float getPrecision() -> a
    com.torahsummary.betamidrash.AutofitHelper setPrecision(float) -> a
    float getMinTextSize() -> b
    com.torahsummary.betamidrash.AutofitHelper setMinTextSize(float) -> b
    com.torahsummary.betamidrash.AutofitHelper setMinTextSize(int,float) -> a
...
com.google.android.gms.games.snapshot.SnapshotContents -> com.google.android.gms.games.snapshot.SnapshotContents:
com.google.android.gms.games.snapshot.SnapshotContentsEntity -> com.google.android.gms.games.snapshot.SnapshotContentsEntity:
    java.lang.Object aeY -> a
    com.google.android.gms.games.snapshot.SnapshotContentsEntityCreator CREATOR -> CREATOR
    int CK -> b
    com.google.android.gms.drive.Contents PW -> c
    int getVersionCode() -> a
    com.google.android.gms.drive.Contents ir() -> b
    boolean isClosed() -> c
    int describeContents() -> describeContents
    void writeToParcel(android.os.Parcel,int) -> writeToParcel
com.google.android.gms.games.snapshot.SnapshotContentsEntityCreator -> com.google.android.gms.games.snapshot.a:
    com.google.android.gms.games.snapshot.SnapshotContentsEntity cD(android.os.Parcel) -> a
    com.google.android.gms.games.snapshot.SnapshotContentsEntity[] eq(int) -> a
    void a(com.google.android.gms.games.snapshot.SnapshotContentsEntity,android.os.Parcel,int) -> a
    java.lang.Object[] newArray(int) -> newArray
    java.lang.Object createFromParcel(android.os.Parcel) -> createFromParcel
com.google.android.gms.games.snapshot.SnapshotEntity -> com.google.android.gms.games.snapshot.SnapshotEntity:
    com.google.android.gms.games.snapshot.SnapshotEntityCreator CREATOR -> CREATOR
    int CK -> a
    com.google.android.gms.games.snapshot.SnapshotMetadataEntity aeZ -> b
    com.google.android.gms.games.snapshot.SnapshotContentsEntity afa -> c
    int getVersionCode() -> d
    com.google.android.gms.games.snapshot.SnapshotMetadata getMetadata() -> b
    com.google.android.gms.games.snapshot.SnapshotContents getSnapshotContents() -> c
    boolean isClosed() -> f
    com.google.android.gms.games.snapshot.Snapshot freeze() -> e
    int hashCode() -> hashCode
    int b(com.google.android.gms.games.snapshot.Snapshot) -> a
    boolean equals(java.lang.Object) -> equals
    boolean a(com.google.android.gms.games.snapshot.Snapshot,java.lang.Object) -> a
    java.lang.String toString() -> toString
    java.lang.String c(com.google.android.gms.games.snapshot.Snapshot) -> b
    int describeContents() -> describeContents
    void writeToParcel(android.os.Parcel,int) -> writeToParcel
    java.lang.Object freeze() -> a
com.google.android.gms.games.snapshot.SnapshotEntityCreator -> com.google.android.gms.games.snapshot.b:
    com.google.android.gms.games.snapshot.SnapshotEntity createFromParcel(android.os.Parcel) -> a
    com.google.android.gms.games.snapshot.SnapshotEntity[] newArray(int) -> a
    void a(com.google.android.gms.games.snapshot.SnapshotEntity,android.os.Parcel,int) -> a
    java.lang.Object[] newArray(int) -> newArray
    java.lang.Object createFromParcel(android.os.Parcel) -> createFromParcel
com.google.android.gms.games.snapshot.SnapshotMetadata -> com.google.android.gms.games.snapshot.SnapshotMetadata:
    com.google.android.gms.games.Game getGame() -> s_
    com.google.android.gms.games.Player getOwner() -> c
    java.lang.String getSnapshotId() -> d
    android.net.Uri getCoverImageUri() -> e
    java.lang.String getCoverImageUrl() -> f
    float getCoverImageAspectRatio() -> g
    java.lang.String getUniqueName() -> h
    java.lang.String getTitle() -> i
    java.lang.String getDescription() -> j
    long getLastModifiedTimestamp() -> k
    long getPlayedTime() -> l
    boolean hasChangePending() -> m
com.google.android.gms.games.snapshot.SnapshotMetadataChange -> com.google.android.gms.games.snapshot.c:
    com.google.android.gms.games.snapshot.SnapshotMetadataChange EMPTY_CHANGE -> a