proguard/usage.txt
com.torahsummary.betamidrash.AboutActivity:
    private static final int PRE_NUM_EASTER_TAPS
    private static final int NUM_EASTER_TAPS
com.torahsummary.betamidrash.AppMenu:
    public static final java.lang.String JSONMenuPath
    19:19:public AppMenu()
    336:336:static void saveBms()
com.torahsummary.betamidrash.AutoResizeTextView
com.torahsummary.betamidrash.AutoResizeTextView$OnTextResizeListener
com.torahsummary.betamidrash.AutofitHelper:
    private static final java.lang.String TAG
    private static final boolean SPEW
    private static final int DEFAULT_MIN_TEXT_SIZE
    private static final float DEFAULT_PRECISION
    48:48:public static com.torahsummary.betamidrash.AutofitHelper create(android.widget.TextView)
    56:56:public static com.torahsummary.betamidrash.AutofitHelper create(android.widget.TextView,android.util.AttributeSet)
    274:277:public com.torahsummary.betamidrash.AutofitHelper removeOnTextSizeChangeListener(com.torahsummary.betamidrash.AutofitHelper$OnTextSizeChangeListener)
    403:403:public int getMaxLines()
    422:422:public boolean isEnabled()
    452:452:public float getTextSize()
    461:462:public void setTextSize(float)
com.torahsummary.betamidrash.AutofitLayout
com.torahsummary.betamidrash.AutofitTextView:
    85:85:public boolean isSizeToFit()
    93:94:public void setSizeToFit()
    135:136:public void setMaxTextSize(int,float)
    167:168:public void setMinTextSize(int,float)
com.torahsummary.betamidrash.Book:
    private static final int DEFAULT_WHERE_PAGE
    public static final java.lang.String TABLE_BOOKS
    public static final java.lang.String KcommentsOn
    public static final java.lang.String KsectionNames
    public static final java.lang.String Kcategories
    public static final java.lang.String KtextDepth
    public static final java.lang.String KwherePage
    public static final java.lang.String Klengths
    public static final java.lang.String Ktitle
    public static final java.lang.String KheTitle
    public static final java.lang.String KdataVersion
    public static final java.lang.String KversionTitle
    public static final java.lang.String Kversions
    public static final java.lang.String Klanguages
    public static final java.lang.String KheSectionNames
    24:28:public Book(android.database.Cursor)
    35:38:public Book(java.lang.String,android.database.sqlite.SQLiteDatabase)
    60:62:public void log()
    82:83:public static void add(android.database.sqlite.SQLiteDatabase,org.json.JSONObject)
    89:125:public static void add(android.database.sqlite.SQLiteDatabase,org.json.JSONObject,boolean)
    128:133:public static int returnLangNums(java.lang.String)
    213:215:public static int getBid(java.lang.String)
    219:232:public static int getBid(java.lang.String,android.database.sqlite.SQLiteDatabase)
    256:272:private static int getNum(java.lang.String,java.lang.String)
com.torahsummary.betamidrash.BookmarkAdapter:
    public static final java.lang.String BOOKMARK_SEPERATOR
com.torahsummary.betamidrash.BuildConfig
com.torahsummary.betamidrash.CSVReader
com.torahsummary.betamidrash.Database2:
    66:66:public void createDatabase()
    91:109:private boolean checkDataBase()
    119:153:private void copyDatabase(java.lang.String,java.lang.String)
    198:211:public static int getVersion()
    217:219:public void openDataBase()
...
android.support.v4.widget.SearchViewCompatHoneycomb
android.support.v4.widget.SearchViewCompatHoneycomb$1
android.support.v4.widget.SearchViewCompatHoneycomb$2
android.support.v4.widget.SearchViewCompatHoneycomb$OnCloseListenerCompatBridge
android.support.v4.widget.SearchViewCompatHoneycomb$OnQueryTextListenerCompatBridge
android.support.v4.widget.SearchViewCompatIcs
android.support.v4.widget.SearchViewCompatIcs$MySearchView
android.support.v4.widget.SimpleCursorAdapter
android.support.v4.widget.SimpleCursorAdapter$CursorToStringConverter
android.support.v4.widget.SimpleCursorAdapter$ViewBinder
android.support.v4.widget.SlidingPaneLayout:
    private static final java.lang.String TAG
    private static final int DEFAULT_OVERHANG_SIZE
    private static final int DEFAULT_FADE_COLOR
    private static final int MIN_FLING_VELOCITY
    250:251:public SlidingPaneLayout(android.content.Context)
    254:255:public SlidingPaneLayout(android.content.Context,android.util.AttributeSet)
    258:272:public SlidingPaneLayout(android.content.Context,android.util.AttributeSet,int)
    333:336:void dispatchOnPanelSlide(android.view.View)
    339:343:void dispatchOnPanelOpened(android.view.View)
    346:350:void dispatchOnPanelClosed(android.view.View)
    879:880:public void smoothSlideOpen()
    897:898:public void smoothSlideClosed()
    926:926:public boolean canSlide()
    940:965:private void onPanelDragged(int)
    1221:1240:protected boolean canScroll(android.view.View,boolean,int,int,int)
    89:89:static synthetic boolean access$100(android.support.v4.widget.SlidingPaneLayout)
    89:89:static synthetic android.support.v4.widget.ViewDragHelper access$200(android.support.v4.widget.SlidingPaneLayout)
    89:89:static synthetic float access$300(android.support.v4.widget.SlidingPaneLayout)
    89:89:static synthetic android.view.View access$400(android.support.v4.widget.SlidingPaneLayout)
    89:89:static synthetic boolean access$502(android.support.v4.widget.SlidingPaneLayout,boolean)
android.support.v4.widget.SlidingPaneLayout$AccessibilityDelegate
android.support.v4.widget.SlidingPaneLayout$DragHelperCallback
android.support.v4.widget.SlidingPaneLayout$LayoutParams:
    1420:1421:public SlidingPaneLayout$LayoutParams(int,int)
    1432:1434:public SlidingPaneLayout$LayoutParams(android.support.v4.widget.SlidingPaneLayout$LayoutParams)
android.support.v4.widget.SlidingPaneLayout$PanelSlideListener:
    public abstract void onPanelSlide(android.view.View,float)
    public abstract void onPanelOpened(android.view.View)
    public abstract void onPanelClosed(android.view.View)
android.support.v4.widget.SlidingPaneLayout$SimplePanelSlideListener
android.support.v4.widget.SwipeProgressBar
android.support.v4.widget.SwipeRefreshLayout
android.support.v4.widget.SwipeRefreshLayout$1
android.support.v4.widget.SwipeRefreshLayout$2
android.support.v4.widget.SwipeRefreshLayout$3
android.support.v4.widget.SwipeRefreshLayout$4
android.support.v4.widget.SwipeRefreshLayout$5
android.support.v4.widget.SwipeRefreshLayout$6
android.support.v4.widget.SwipeRefreshLayout$7
android.support.v4.widget.SwipeRefreshLayout$8
android.support.v4.widget.SwipeRefreshLayout$OnRefreshListener